[29-Oct-2025 09:55:33 UTC] Database Connection Error: SQLSTATE[HY000] [2002] Aucune connexion n’a pu être établie car l’ordinateur cible l’a expressément refusée
[29-Oct-2025 09:55:33 UTC] PHP Notice:  session_start(): Ignoring session_start() because a session is already active (started from D:\laragon\www\assets_manager\public\language_init.php on line 7) in D:\laragon\www\assets_manager\public\index.php on line 6
[29-Oct-2025 09:55:39 UTC] PHP Notice:  session_start(): Ignoring session_start() because a session is already active (started from D:\laragon\www\assets_manager\public\language_init.php on line 7) in D:\laragon\www\assets_manager\public\index.php on line 6
[29-Oct-2025 10:07:20 UTC] Database Connection Error: SQLSTATE[HY000] [2002] Aucune connexion n’a pu être établie car l’ordinateur cible l’a expressément refusée
[29-Oct-2025 10:07:20 UTC] PHP Fatal error:  Uncaught Error: Call to a member function prepare() on null in D:\laragon\www\assets_manager\public\login.php:35
Stack trace:
#0 {main}
  thrown in D:\laragon\www\assets_manager\public\login.php on line 35
[29-Oct-2025 10:07:59 UTC] PHP Notice:  session_start(): Ignoring session_start() because a session is already active (started from D:\laragon\www\assets_manager\public\language_init.php on line 7) in D:\laragon\www\assets_manager\public\index.php on line 6
[29-Oct-2025 10:08:09 UTC] Database Connection Error: SQLSTATE[HY000] [2002] Aucune connexion n’a pu être établie car l’ordinateur cible l’a expressément refusée
[29-Oct-2025 10:08:09 UTC] PHP Fatal error:  Uncaught Error: Call to a member function prepare() on null in D:\laragon\www\assets_manager\public\login.php:35
Stack trace:
#0 {main}
  thrown in D:\laragon\www\assets_manager\public\login.php on line 35
[29-Oct-2025 10:08:36 UTC] Database Connection Error: SQLSTATE[HY000] [2002] Aucune connexion n’a pu être établie car l’ordinateur cible l’a expressément refusée
[29-Oct-2025 10:08:36 UTC] PHP Fatal error:  Uncaught Error: Call to a member function prepare() on null in D:\laragon\www\assets_manager\public\login.php:35
Stack trace:
#0 {main}
  thrown in D:\laragon\www\assets_manager\public\login.php on line 35
[29-Oct-2025 10:10:04 UTC] Database Connection Error: SQLSTATE[HY000] [2002] Aucune connexion n’a pu être établie car l’ordinateur cible l’a expressément refusée
[29-Oct-2025 10:10:04 UTC] PHP Fatal error:  Uncaught Error: Call to a member function prepare() on null in D:\laragon\www\assets_manager\public\login.php:35
Stack trace:
#0 {main}
  thrown in D:\laragon\www\assets_manager\public\login.php on line 35
[29-Oct-2025 10:10:04 UTC] PHP Notice:  session_start(): Ignoring session_start() because a session is already active (started from D:\laragon\www\assets_manager\public\language_init.php on line 7) in D:\laragon\www\assets_manager\public\index.php on line 6
[29-Oct-2025 10:10:11 UTC] Database Connection Error: SQLSTATE[HY000] [2002] Aucune connexion n’a pu être établie car l’ordinateur cible l’a expressément refusée
[29-Oct-2025 10:10:11 UTC] PHP Fatal error:  Uncaught Error: Call to a member function prepare() on null in D:\laragon\www\assets_manager\public\login.php:35
Stack trace:
#0 {main}
  thrown in D:\laragon\www\assets_manager\public\login.php on line 35
[29-Oct-2025 10:12:57 UTC] PHP Notice:  session_start(): Ignoring session_start() because a session is already active (started from D:\laragon\www\assets_manager\public\language_init.php on line 7) in D:\laragon\www\assets_manager\public\index.php on line 6
[29-Oct-2025 10:13:23 UTC] Database Connection Error: SQLSTATE[HY000] [2002] Aucune connexion n’a pu être établie car l’ordinateur cible l’a expressément refusée
[29-Oct-2025 10:13:23 UTC] PHP Fatal error:  Uncaught Error: Call to a member function prepare() on null in D:\laragon\www\assets_manager\public\login.php:35
Stack trace:
#0 {main}
  thrown in D:\laragon\www\assets_manager\public\login.php on line 35
[29-Oct-2025 10:13:57 UTC] PHP Notice:  session_start(): Ignoring session_start() because a session is already active (started from D:\laragon\www\assets_manager\public\language_init.php on line 7) in D:\laragon\www\assets_manager\public\index.php on line 6
[29-Oct-2025 10:14:18 UTC] Database Connection Error: SQLSTATE[HY000] [2002] Aucune connexion n’a pu être établie car l’ordinateur cible l’a expressément refusée
[29-Oct-2025 10:14:18 UTC] PHP Fatal error:  Uncaught Error: Call to a member function prepare() on null in D:\laragon\www\assets_manager\public\login.php:35
Stack trace:
#0 {main}
  thrown in D:\laragon\www\assets_manager\public\login.php on line 35
[29-Oct-2025 10:15:23 UTC] Database Connection Error: SQLSTATE[HY000] [2002] Aucune connexion n’a pu être établie car l’ordinateur cible l’a expressément refusée
[29-Oct-2025 10:15:23 UTC] PHP Fatal error:  Uncaught Error: Call to a member function prepare() on null in D:\laragon\www\assets_manager\public\login.php:35
Stack trace:
#0 {main}
  thrown in D:\laragon\www\assets_manager\public\login.php on line 35
